# JRE version: OpenJDK Runtime Environment (11.0.12+7) (build 11.0.12+7-b1504.28-7817840)
# Java VM: OpenJDK 64-Bit Server VM (11.0.12+7-b1504.28-7817840, mixed mode, tiered, compressed oops, g1 gc, windows-amd64)
Heap:
 garbage-first heap   total 129024K, used 63798K [0x0000000082400000, 0x0000000100000000)
  region size 1024K, 45 young (46080K), 3 survivors (3072K)
 Metaspace       used 44760K, capacity 45266K, committed 45468K, reserved 1089536K
  class space    used 5291K, capacity 5473K, committed 5576K, reserved 1048576K
GC Heap History (8 events):
Event: 0.521 GC heap before
{Heap before GC invocations=0 (full 0):
 garbage-first heap   total 129024K, used 27648K [0x0000000082400000, 0x0000000100000000)
  region size 1024K, 24 young (24576K), 0 survivors (0K)
 Metaspace       used 12228K, capacity 12318K, committed 12416K, reserved 1060864K
  class space    used 1109K, capacity 1145K, committed 1152K, reserved 1048576K
}
Event: 0.525 GC heap after
{Heap after GC invocations=1 (full 0):
 garbage-first heap   total 129024K, used 6366K [0x0000000082400000, 0x0000000100000000)
  region size 1024K, 3 young (3072K), 3 survivors (3072K)
 Metaspace       used 12228K, capacity 12318K, committed 12416K, reserved 1060864K
  class space    used 1109K, capacity 1145K, committed 1152K, reserved 1048576K
}
Event: 1.167 GC heap before
{Heap before GC invocations=1 (full 0):
 garbage-first heap   total 129024K, used 43230K [0x0000000082400000, 0x0000000100000000)
  region size 1024K, 40 young (40960K), 3 survivors (3072K)
 Metaspace       used 21024K, capacity 21202K, committed 21296K, reserved 1069056K
  class space    used 2234K, capacity 2309K, committed 2352K, reserved 1048576K
}
Event: 1.179 GC heap after
{Heap after GC invocations=2 (full 0):
 garbage-first heap   total 129024K, used 9777K [0x0000000082400000, 0x0000000100000000)
  region size 1024K, 7 young (7168K), 7 survivors (7168K)
 Metaspace       used 21024K, capacity 21202K, committed 21296K, reserved 1069056K
  class space    used 2234K, capacity 2309K, committed 2352K, reserved 1048576K
}
Event: 2.123 GC heap before
{Heap before GC invocations=3 (full 0):
 garbage-first heap   total 129024K, used 63025K [0x0000000082400000, 0x0000000100000000)
  region size 1024K, 54 young (55296K), 7 survivors (7168K)
 Metaspace       used 31691K, capacity 32172K, committed 32380K, reserved 1077248K
  class space    used 3894K, capacity 4082K, committed 4220K, reserved 1048576K
}
Event: 2.147 GC heap after
{Heap after GC invocations=4 (full 0):
 garbage-first heap   total 129024K, used 21295K [0x0000000082400000, 0x0000000100000000)
  region size 1024K, 7 young (7168K), 7 survivors (7168K)
 Metaspace       used 31691K, capacity 32172K, committed 32380K, reserved 1077248K
  class space    used 3894K, capacity 4082K, committed 4220K, reserved 1048576K
}
Event: 2.656 GC heap before
{Heap before GC invocations=4 (full 0):
 garbage-first heap   total 129024K, used 39727K [0x0000000082400000, 0x0000000100000000)
  region size 1024K, 26 young (26624K), 7 survivors (7168K)
 Metaspace       used 35549K, capacity 35932K, committed 36048K, reserved 1081344K
  class space    used 4393K, capacity 4568K, committed 4604K, reserved 1048576K
}
Event: 2.675 GC heap after
{Heap after GC invocations=5 (full 0):
 garbage-first heap   total 129024K, used 21814K [0x0000000082400000, 0x0000000100000000)
  region size 1024K, 3 young (3072K), 3 survivors (3072K)
 Metaspace       used 35549K, capacity 35932K, committed 36048K, reserved 1081344K
  class space    used 4393K, capacity 4568K, committed 4604K, reserved 1048576K
}

