# JRE version: OpenJDK Runtime Environment (11.0.12+7) (build 11.0.12+7-b1504.28-7817840)
# Java VM: OpenJDK 64-Bit Server VM (11.0.12+7-b1504.28-7817840, mixed mode, tiered, compressed oops, g1 gc, windows-amd64)
Heap:
 garbage-first heap   total 129024K, used 61564K [0x0000000082400000, 0x0000000100000000)
  region size 1024K, 42 young (43008K), 2 survivors (2048K)
 Metaspace       used 44218K, capacity 44727K, committed 44828K, reserved 1089536K
  class space    used 5233K, capacity 5423K, committed 5448K, reserved 1048576K
GC Heap History (8 events):
Event: 0.555 GC heap before
{Heap before GC invocations=0 (full 0):
 garbage-first heap   total 129024K, used 27648K [0x0000000082400000, 0x0000000100000000)
  region size 1024K, 24 young (24576K), 0 survivors (0K)
 Metaspace       used 12225K, capacity 12382K, committed 12416K, reserved 1060864K
  class space    used 1109K, capacity 1145K, committed 1152K, reserved 1048576K
}
Event: 0.560 GC heap after
{Heap after GC invocations=1 (full 0):
 garbage-first heap   total 129024K, used 6155K [0x0000000082400000, 0x0000000100000000)
  region size 1024K, 3 young (3072K), 3 survivors (3072K)
 Metaspace       used 12225K, capacity 12382K, committed 12416K, reserved 1060864K
  class space    used 1109K, capacity 1145K, committed 1152K, reserved 1048576K
}
Event: 1.184 GC heap before
{Heap before GC invocations=1 (full 0):
 garbage-first heap   total 129024K, used 44043K [0x0000000082400000, 0x0000000100000000)
  region size 1024K, 41 young (41984K), 3 survivors (3072K)
 Metaspace       used 21031K, capacity 21202K, committed 21296K, reserved 1069056K
  class space    used 2233K, capacity 2309K, committed 2352K, reserved 1048576K
}
Event: 1.196 GC heap after
{Heap after GC invocations=2 (full 0):
 garbage-first heap   total 129024K, used 9925K [0x0000000082400000, 0x0000000100000000)
  region size 1024K, 7 young (7168K), 7 survivors (7168K)
 Metaspace       used 21031K, capacity 21202K, committed 21296K, reserved 1069056K
  class space    used 2233K, capacity 2309K, committed 2352K, reserved 1048576K
}
Event: 2.508 GC heap before
{Heap before GC invocations=3 (full 0):
 garbage-first heap   total 129024K, used 68293K [0x0000000082400000, 0x0000000100000000)
  region size 1024K, 59 young (60416K), 7 survivors (7168K)
 Metaspace       used 32998K, capacity 33425K, committed 33532K, reserved 1079296K
  class space    used 4113K, capacity 4308K, committed 4348K, reserved 1048576K
}
Event: 2.542 GC heap after
{Heap after GC invocations=4 (full 0):
 garbage-first heap   total 129024K, used 21686K [0x0000000082400000, 0x0000000100000000)
  region size 1024K, 8 young (8192K), 8 survivors (8192K)
 Metaspace       used 32998K, capacity 33425K, committed 33532K, reserved 1079296K
  class space    used 4113K, capacity 4308K, committed 4348K, reserved 1048576K
}
Event: 2.944 GC heap before
{Heap before GC invocations=4 (full 0):
 garbage-first heap   total 129024K, used 34998K [0x0000000082400000, 0x0000000100000000)
  region size 1024K, 22 young (22528K), 8 survivors (8192K)
 Metaspace       used 35549K, capacity 35933K, committed 36048K, reserved 1081344K
  class space    used 4393K, capacity 4568K, committed 4604K, reserved 1048576K
}
Event: 2.961 GC heap after
{Heap after GC invocations=5 (full 0):
 garbage-first heap   total 129024K, used 21628K [0x0000000082400000, 0x0000000100000000)
  region size 1024K, 2 young (2048K), 2 survivors (2048K)
 Metaspace       used 35549K, capacity 35933K, committed 36048K, reserved 1081344K
  class space    used 4393K, capacity 4568K, committed 4604K, reserved 1048576K
}

