# JRE version: OpenJDK Runtime Environment (11.0.12+7) (build 11.0.12+7-b1504.28-7817840)
# Java VM: OpenJDK 64-Bit Server VM (11.0.12+7-b1504.28-7817840, mixed mode, tiered, compressed oops, g1 gc, windows-amd64)
Heap:
 garbage-first heap   total 237568K, used 123342K [0x0000000082400000, 0x0000000100000000)
  region size 1024K, 44 young (45056K), 5 survivors (5120K)
 Metaspace       used 83942K, capacity 84876K, committed 85224K, reserved 1124352K
  class space    used 9021K, capacity 9406K, committed 9520K, reserved 1048576K
GC Heap History (20 events):
Event: 2.868 GC heap before
{Heap before GC invocations=4 (full 0):
 garbage-first heap   total 129024K, used 33774K [0x0000000082400000, 0x0000000100000000)
  region size 1024K, 21 young (21504K), 8 survivors (8192K)
 Metaspace       used 35336K, capacity 35740K, committed 35888K, reserved 1081344K
  class space    used 4370K, capacity 4568K, committed 4656K, reserved 1048576K
}
Event: 2.883 GC heap after
{Heap after GC invocations=5 (full 0):
 garbage-first heap   total 129024K, used 24216K [0x0000000082400000, 0x0000000100000000)
  region size 1024K, 3 young (3072K), 3 survivors (3072K)
 Metaspace       used 35336K, capacity 35740K, committed 35888K, reserved 1081344K
  class space    used 4370K, capacity 4568K, committed 4656K, reserved 1048576K
}
Event: 4.245 GC heap before
{Heap before GC invocations=6 (full 0):
 garbage-first heap   total 129024K, used 68248K [0x0000000082400000, 0x0000000100000000)
  region size 1024K, 46 young (47104K), 3 survivors (3072K)
 Metaspace       used 44475K, capacity 44938K, committed 45232K, reserved 1089536K
  class space    used 5252K, capacity 5429K, committed 5552K, reserved 1048576K
}
Event: 4.261 GC heap after
{Heap after GC invocations=7 (full 0):
 garbage-first heap   total 161792K, used 25333K [0x0000000082400000, 0x0000000100000000)
  region size 1024K, 6 young (6144K), 6 survivors (6144K)
 Metaspace       used 44475K, capacity 44938K, committed 45232K, reserved 1089536K
  class space    used 5252K, capacity 5429K, committed 5552K, reserved 1048576K
}
Event: 5.794 GC heap before
{Heap before GC invocations=7 (full 0):
 garbage-first heap   total 161792K, used 88821K [0x0000000082400000, 0x0000000100000000)
  region size 1024K, 65 young (66560K), 6 survivors (6144K)
 Metaspace       used 51228K, capacity 51852K, committed 52144K, reserved 1095680K
  class space    used 6004K, capacity 6257K, committed 6320K, reserved 1048576K
}
Event: 5.812 GC heap after
{Heap after GC invocations=8 (full 0):
 garbage-first heap   total 161792K, used 33754K [0x0000000082400000, 0x0000000100000000)
  region size 1024K, 9 young (9216K), 9 survivors (9216K)
 Metaspace       used 51228K, capacity 51852K, committed 52144K, reserved 1095680K
  class space    used 6004K, capacity 6257K, committed 6320K, reserved 1048576K
}
Event: 7.176 GC heap before
{Heap before GC invocations=8 (full 0):
 garbage-first heap   total 161792K, used 97242K [0x0000000082400000, 0x0000000100000000)
  region size 1024K, 71 young (72704K), 9 survivors (9216K)
 Metaspace       used 56229K, capacity 56858K, committed 57136K, reserved 1099776K
  class space    used 6375K, capacity 6635K, committed 6704K, reserved 1048576K
}
Event: 7.207 GC heap after
{Heap after GC invocations=9 (full 0):
 garbage-first heap   total 161792K, used 44186K [0x0000000082400000, 0x0000000100000000)
  region size 1024K, 9 young (9216K), 9 survivors (9216K)
 Metaspace       used 56229K, capacity 56858K, committed 57136K, reserved 1099776K
  class space    used 6375K, capacity 6635K, committed 6704K, reserved 1048576K
}
Event: 7.732 GC heap before
{Heap before GC invocations=9 (full 0):
 garbage-first heap   total 161792K, used 105626K [0x0000000082400000, 0x0000000100000000)
  region size 1024K, 69 young (70656K), 9 survivors (9216K)
 Metaspace       used 56719K, capacity 57360K, committed 57392K, reserved 1099776K
  class space    used 6415K, capacity 6675K, committed 6704K, reserved 1048576K
}
Event: 7.764 GC heap after
{Heap after GC invocations=10 (full 0):
 garbage-first heap   total 161792K, used 50688K [0x0000000082400000, 0x0000000100000000)
  region size 1024K, 6 young (6144K), 6 survivors (6144K)
 Metaspace       used 56719K, capacity 57360K, committed 57392K, reserved 1099776K
  class space    used 6415K, capacity 6675K, committed 6704K, reserved 1048576K
}
Event: 8.175 GC heap before
{Heap before GC invocations=10 (full 0):
 garbage-first heap   total 161792K, used 67072K [0x0000000082400000, 0x0000000100000000)
  region size 1024K, 23 young (23552K), 6 survivors (6144K)
 Metaspace       used 59483K, capacity 60148K, committed 60208K, reserved 1101824K
  class space    used 6866K, capacity 7160K, committed 7216K, reserved 1048576K
}
Event: 8.194 GC heap after
{Heap after GC invocations=11 (full 0):
 garbage-first heap   total 197632K, used 51712K [0x0000000082400000, 0x0000000100000000)
  region size 1024K, 1 young (1024K), 1 survivors (1024K)
 Metaspace       used 59483K, capacity 60148K, committed 60208K, reserved 1101824K
  class space    used 6866K, capacity 7160K, committed 7216K, reserved 1048576K
}
Event: 10.598 GC heap before
{Heap before GC invocations=12 (full 0):
 garbage-first heap   total 197632K, used 125440K [0x0000000082400000, 0x0000000100000000)
  region size 1024K, 72 young (73728K), 1 survivors (1024K)
 Metaspace       used 65793K, capacity 66616K, committed 66792K, reserved 1107968K
  class space    used 7366K, capacity 7673K, committed 7728K, reserved 1048576K
}
Event: 10.618 GC heap after
{Heap after GC invocations=13 (full 0):
 garbage-first heap   total 197632K, used 61723K [0x0000000082400000, 0x0000000100000000)
  region size 1024K, 9 young (9216K), 9 survivors (9216K)
 Metaspace       used 65793K, capacity 66616K, committed 66792K, reserved 1107968K
  class space    used 7366K, capacity 7673K, committed 7728K, reserved 1048576K
}
Event: 12.283 GC heap before
{Heap before GC invocations=14 (full 0):
 garbage-first heap   total 197632K, used 136475K [0x0000000082400000, 0x0000000100000000)
  region size 1024K, 82 young (83968K), 9 survivors (9216K)
 Metaspace       used 70561K, capacity 71402K, committed 71528K, reserved 1112064K
  class space    used 7752K, capacity 8093K, committed 8112K, reserved 1048576K
}
Event: 12.311 GC heap after
{Heap after GC invocations=15 (full 0):
 garbage-first heap   total 197632K, used 69348K [0x0000000082400000, 0x0000000100000000)
  region size 1024K, 8 young (8192K), 8 survivors (8192K)
 Metaspace       used 70561K, capacity 71402K, committed 71528K, reserved 1112064K
  class space    used 7752K, capacity 8093K, committed 8112K, reserved 1048576K
}
Event: 13.817 GC heap before
{Heap before GC invocations=15 (full 0):
 garbage-first heap   total 197632K, used 143076K [0x0000000082400000, 0x0000000100000000)
  region size 1024K, 80 young (81920K), 8 survivors (8192K)
 Metaspace       used 79231K, capacity 80158K, committed 80360K, reserved 1120256K
  class space    used 8621K, capacity 8986K, committed 9008K, reserved 1048576K
}
Event: 13.843 GC heap after
{Heap after GC invocations=16 (full 0):
 garbage-first heap   total 197632K, used 79872K [0x0000000082400000, 0x0000000100000000)
  region size 1024K, 10 young (10240K), 10 survivors (10240K)
 Metaspace       used 79231K, capacity 80158K, committed 80360K, reserved 1120256K
  class space    used 8621K, capacity 8986K, committed 9008K, reserved 1048576K
}
Event: 14.518 GC heap before
{Heap before GC invocations=16 (full 0):
 garbage-first heap   total 197632K, used 148480K [0x0000000082400000, 0x0000000100000000)
  region size 1024K, 77 young (78848K), 10 survivors (10240K)
 Metaspace       used 82975K, capacity 83914K, committed 84072K, reserved 1124352K
  class space    used 8975K, capacity 9342K, committed 9392K, reserved 1048576K
}
Event: 14.540 GC heap after
{Heap after GC invocations=17 (full 0):
 garbage-first heap   total 237568K, used 84430K [0x0000000082400000, 0x0000000100000000)
  region size 1024K, 5 young (5120K), 5 survivors (5120K)
 Metaspace       used 82975K, capacity 83914K, committed 84072K, reserved 1124352K
  class space    used 8975K, capacity 9342K, committed 9392K, reserved 1048576K
}

